Welcome to Xilinx CORE Generator.
Help system initialized.
The IP Catalog has been reloaded.
Loaded all available family support information.
Opening project file /files/code/cpus/caddr/ise-lx45/ipcore_dir/coregen.cgp.
Recustomize and Generate (Under Original Project Settings)INFO:sim:172 - Generating IP...
Customizing IP...
Release 14.4 - Xilinx CORE Generator IP GUI Launcher P.49d (lin)
Copyright (c) 1995-2012 Xilinx, Inc.  All rights reserved.
Finished Customizing.
Generating IP...
WARNING:sim:89 - A core named <chipscope_ila_caddr> already exists in the output
   directory. Output products for this core may be overwritten.
Configuring files for chipscope_ila_caddr root...
Gathering HDL files for chipscope_ila_caddr root...
Creating XST project for chipscope_ila_caddr...
Creating XST script file for chipscope_ila_caddr...
Creating XST instantiation file for chipscope_ila_caddr...
Running XST for chipscope_ila_caddr...
XST: HDL Parsing
XST: HDL Elaboration
XST: HDL Synthesis
XST: Advanced HDL Synthesis
XST: Low Level Synthesis
XST: Design Summary
Not generating VHDL wrapper
Generating Verilog wrapper
Skipping VHDL instantiation template for chipscope_ila_caddr...
Creating ISE instantiation template for chipscope_ila_caddr...
Finished Generation.
Generating IP instantiation template...
Generating ASY schematic symbol...
INFO:sim:949 - Finished generation of ASY schematic symbol.
Generating metadata file...
Generating ISE project...
XCO file found: chipscope_ila_caddr.xco
XMDF file found: chipscope_ila_caddr_xmdf.tcl
Adding
/files/code/cpus/caddr/ise-lx45/ipcore_dir/tmp/_cg/chipscope_ila_caddr.asy -view
all -origin_type imported
Adding
/files/code/cpus/caddr/ise-lx45/ipcore_dir/tmp/_cg/chipscope_ila_caddr.ngc -view
all -origin_type created
Checking file
"/files/code/cpus/caddr/ise-lx45/ipcore_dir/tmp/_cg/chipscope_ila_caddr.ngc" for
project device match ...
File
"/files/code/cpus/caddr/ise-lx45/ipcore_dir/tmp/_cg/chipscope_ila_caddr.ngc"
device information matches project device.
Adding /files/code/cpus/caddr/ise-lx45/ipcore_dir/tmp/_cg/chipscope_ila_caddr.v
-view all -origin_type created
INFO:HDLCompiler:1845 - Analyzing Verilog file
   "/files/code/cpus/caddr/ise-lx45/ipcore_dir/tmp/_cg/chipscope_ila_caddr.v"
   into library work
INFO:ProjectMgmt - Parsing design hierarchy completed successfully.
Adding
/files/code/cpus/caddr/ise-lx45/ipcore_dir/tmp/_cg/chipscope_ila_caddr.veo -view
all -origin_type imported
INFO:TclTasksC:2116 - The automatic calculation of top has been turned-off.
   Please set the new top explicitly by running the "project set top" command.
   To re-calculate the new top automatically, set the "Auto Implementation Top"
   property to true.
Top level has been set to "/chipscope_ila_caddr"
Generating README file...
Generating FLIST file...
INFO:sim:948 - Finished FLIST file generation.
Launching README viewer...
Moving files to output directory...
Finished moving files to output directory
Saved CGP file for project 'coregen'.
Closed project file.
